This file contains any messages produced by compilers while
running configure, to aid debugging if configure makes a mistake.

It was created by configure, which was
generated by GNU Autoconf 2.69.  Invocation command line was

  $ ./configure 

## --------- ##
## Platform. ##
## --------- ##

hostname = e2r10p18.42.fr
uname -m = x86_64
uname -r = 16.7.0
uname -s = Darwin
uname -v = Darwin Kernel Version 16.7.0: Tue Jan 30 11:27:06 PST 2018; root:xnu-3789.73.11~1/RELEASE_X86_64

/usr/bin/uname -p = i386
/bin/uname -X     = unknown

/bin/arch              = unknown
/usr/bin/arch -k       = unknown
/usr/convex/getsysinfo = unknown
/usr/bin/hostinfo      = Mach kernel version:
	 Darwin Kernel Version 16.7.0: Tue Jan 30 11:27:06 PST 2018; root:xnu-3789.73.11~1/RELEASE_X86_64
Kernel configured for up to 4 processors.
4 processors are physically available.
4 processors are logically available.
Processor type: i486 (Intel 80486)
Processors active: 0 1 2 3
Primary memory available: 8.00 gigabytes
Default processor set: 408 tasks, 1189 threads, 4 processors
Load average: 63.30, Mach factor: 0.19
/bin/machine           = unknown
/usr/bin/oslevel       = unknown
/bin/universe          = unknown

PATH: /Users/lcavalle/.brew/bin
PATH: /usr/bin
PATH: /bin
PATH: /usr/sbin
PATH: /sbin
PATH: /usr/local/bin
PATH: /usr/local/munki


## ----------- ##
## Core tests. ##
## ----------- ##

configure:2757: checking build system type
configure:2771: result: x86_64-apple-darwin16.7.0
configure:2791: checking host system type
configure:2804: result: x86_64-apple-darwin16.7.0
configure:2845: checking how to print strings
configure:2872: result: printf
configure:2941: checking for gcc
configure:2957: found /usr/bin/gcc
configure:2968: result: gcc
configure:3197: checking for C compiler version
configure:3206: gcc --version >&5
Apple LLVM version 9.0.0 (clang-900.0.39.2)
Target: x86_64-apple-darwin16.7.0
Thread model: posix
InstalledDir: /Applications/Xcode.app/Contents/Developer/Toolchains/XcodeDefault.xctoolchain/usr/bin
Configured with: --prefix=/Applications/Xcode.app/Contents/Developer/usr --with-gxx-include-dir=/usr/include/c++/4.2.1
configure:3217: $? = 0
configure:3206: gcc -v >&5
Configured with: --prefix=/Applications/Xcode.app/Contents/Developer/usr --with-gxx-include-dir=/usr/include/c++/4.2.1
Apple LLVM version 9.0.0 (clang-900.0.39.2)
Target: x86_64-apple-darwin16.7.0
Thread model: posix
InstalledDir: /Applications/Xcode.app/Contents/Developer/Toolchains/XcodeDefault.xctoolchain/usr/bin
configure:3217: $? = 0
configure:3206: gcc -V >&5
clang: error: argument to '-V' is missing (expected 1 value)
clang: error: no input files
configure:3217: $? = 1
configure:3206: gcc -qversion >&5
clang: error: unknown argument: '-qversion'
clang: error: no input files
configure:3217: $? = 1
configure:3237: checking whether the C compiler works
configure:3259: gcc    conftest.c  >&5
configure:3263: $? = 0
configure:3311: result: yes
configure:3314: checking for C compiler default output file name
configure:3316: result: a.out
configure:3322: checking for suffix of executables
configure:3329: gcc -o conftest    conftest.c  >&5
configure:3333: $? = 0
configure:3355: result: 
configure:3377: checking whether we are cross compiling
configure:3385: gcc -o conftest    conftest.c  >&5
configure:3389: $? = 0
configure:3396: ./conftest
configure:3400: $? = 0
configure:3415: result: no
configure:3420: checking for suffix of object files
configure:3442: gcc -c   conftest.c >&5
configure:3446: $? = 0
configure:3467: result: o
configure:3471: checking whether we are using the GNU C compiler
configure:3490: gcc -c   conftest.c >&5
configure:3490: $? = 0
configure:3499: result: yes
configure:3508: checking whether gcc accepts -g
configure:3528: gcc -c -g  conftest.c >&5
configure:3528: $? = 0
configure:3569: result: yes
configure:3586: checking for gcc option to accept ISO C89
configure:3649: gcc  -c -g -O2  conftest.c >&5
configure:3649: $? = 0
configure:3662: result: none needed
configure:3682: checking for a sed that does not truncate output
configure:3746: result: /usr/bin/sed
configure:3764: checking for grep that handles long lines and -e
configure:3822: result: /usr/bin/grep
configure:3827: checking for egrep
configure:3889: result: /usr/bin/grep -E
configure:3894: checking for fgrep
configure:3956: result: /usr/bin/grep -F
configure:3991: checking for ld used by gcc
configure:4058: result: /Applications/Xcode.app/Contents/Developer/Toolchains/XcodeDefault.xctoolchain/usr/bin/ld
configure:4065: checking if the linker (/Applications/Xcode.app/Contents/Developer/Toolchains/XcodeDefault.xctoolchain/usr/bin/ld) is GNU ld
configure:4080: result: no
configure:4092: checking for BSD- or MS-compatible name lister (nm)
configure:4141: result: /usr/bin/nm -B
configure:4271: checking the name lister (/usr/bin/nm -B) interface
configure:4278: gcc -c -g -O2  conftest.c >&5
configure:4281: /usr/bin/nm -B "conftest.o"
configure:4284: output
00000000000001dc S _some_variable
configure:4291: result: BSD nm
configure:4294: checking whether ln -s works
configure:4298: result: yes
configure:4306: checking the maximum length of command line arguments
configure:4436: result: 196608
configure:4453: checking whether the shell understands some XSI constructs
configure:4463: result: yes
configure:4467: checking whether the shell understands "+="
configure:4473: result: yes
configure:4508: checking how to convert x86_64-apple-darwin16.7.0 file names to x86_64-apple-darwin16.7.0 format
configure:4548: result: func_convert_file_noop
configure:4555: checking how to convert x86_64-apple-darwin16.7.0 file names to toolchain format
configure:4575: result: func_convert_file_noop
configure:4582: checking for /Applications/Xcode.app/Contents/Developer/Toolchains/XcodeDefault.xctoolchain/usr/bin/ld option to reload object files
configure:4589: result: -r
configure:4663: checking for objdump
configure:4679: found /usr/bin/objdump
configure:4690: result: objdump
configure:4719: checking how to recognize dependent libraries
configure:4923: result: pass_all
configure:5008: checking for dlltool
configure:5038: result: no
configure:5065: checking how to associate runtime and link libraries
configure:5092: result: printf %s\n
configure:5153: checking for ar
configure:5169: found /usr/bin/ar
configure:5180: result: ar
configure:5217: checking for archiver @FILE support
configure:5234: gcc -c -g -O2  conftest.c >&5
configure:5234: $? = 0
configure:5237: ar cru libconftest.a @conftest.lst >&5
ar: @conftest.lst: No such file or directory
configure:5240: $? = 1
configure:5260: result: no
configure:5318: checking for strip
configure:5334: found /usr/bin/strip
configure:5345: result: strip
configure:5417: checking for ranlib
configure:5433: found /usr/bin/ranlib
configure:5444: result: ranlib
configure:5521: checking for gawk
configure:5551: result: no
configure:5521: checking for mawk
configure:5551: result: no
configure:5521: checking for nawk
configure:5551: result: no
configure:5521: checking for awk
configure:5537: found /usr/bin/awk
configure:5548: result: awk
configure:5588: checking command to parse /usr/bin/nm -B output from gcc object
configure:5708: gcc -c -g -O2  conftest.c >&5
configure:5711: $? = 0
configure:5715: /usr/bin/nm -B conftest.o \| sed -n -e 's/^.*[ ]\([BCDEGRST][BCDEGRST]*\)[ ][ ]*\([_A-Za-z][_A-Za-z0-9]*\)$/\1 \2 \2/p' | sed '/ __gnu_lto/d' \> conftest.nm
configure:5718: $? = 0
cannot find nm_test_var in conftest.nm
configure:5708: gcc -c -g -O2  conftest.c >&5
configure:5711: $? = 0
configure:5715: /usr/bin/nm -B conftest.o \| sed -n -e 's/^.*[ ]\([BCDEGRST][BCDEGRST]*\)[ ][ ]*_\([_A-Za-z][_A-Za-z0-9]*\)$/\1 _\2 \2/p' | sed '/ __gnu_lto/d' \> conftest.nm
configure:5718: $? = 0
configure:5784: gcc -o conftest -g -O2   conftest.c conftstm.o >&5
warning: (x86_64)  could not find object file symbol for symbol _main
configure:5787: $? = 0
configure:5825: result: ok
configure:5862: checking for sysroot
configure:5892: result: no
configure:6151: checking for mt
configure:6181: result: no
configure:6201: checking if : is a manifest tool
configure:6207: : '-?'
configure:6215: result: no
configure:6271: checking for dsymutil
configure:6287: found /usr/bin/dsymutil
configure:6298: result: dsymutil
configure:6363: checking for nmedit
configure:6379: found /usr/bin/nmedit
configure:6390: result: nmedit
configure:6455: checking for lipo
configure:6471: found /usr/bin/lipo
configure:6482: result: lipo
configure:6547: checking for otool
configure:6563: found /usr/bin/otool
configure:6574: result: otool
configure:6639: checking for otool64
configure:6669: result: no
configure:6714: checking for -single_module linker flag
gcc -g -O2  -o libconftest.dylib -dynamiclib -Wl,-single_module conftest.c
configure:6747: result: yes
configure:6750: checking for -exported_symbols_list linker flag
configure:6770: gcc -o conftest -g -O2   -Wl,-exported_symbols_list,conftest.sym conftest.c  >&5
configure:6770: $? = 0
configure:6780: result: yes
configure:6783: checking for -force_load linker flag
gcc -g -O2 -c -o conftest.o conftest.c
ar cru libconftest.a conftest.o
ranlib libconftest.a
gcc -g -O2  -o conftest conftest.c -Wl,-force_load,./libconftest.a
configure:6815: result: yes
configure:6857: checking how to run the C preprocessor
configure:6888: gcc -E  conftest.c
configure:6888: $? = 0
configure:6902: gcc -E  conftest.c
conftest.c:9:10: fatal error: 'ac_nonexistent.h' file not found
#include <ac_nonexistent.h>
         ^~~~~~~~~~~~~~~~~~
1 error generated.
configure:6902: $? = 1
configure: failed program was:
| /* confdefs.h */
| #define PACKAGE_NAME ""
| #define PACKAGE_TARNAME ""
| #define PACKAGE_VERSION ""
| #define PACKAGE_STRING ""
| #define PACKAGE_BUGREPORT ""
| #define PACKAGE_URL ""
| /* end confdefs.h.  */
| #include <ac_nonexistent.h>
configure:6927: result: gcc -E
configure:6947: gcc -E  conftest.c
configure:6947: $? = 0
configure:6961: gcc -E  conftest.c
conftest.c:9:10: fatal error: 'ac_nonexistent.h' file not found
#include <ac_nonexistent.h>
         ^~~~~~~~~~~~~~~~~~
1 error generated.
configure:6961: $? = 1
configure: failed program was:
| /* confdefs.h */
| #define PACKAGE_NAME ""
| #define PACKAGE_TARNAME ""
| #define PACKAGE_VERSION ""
| #define PACKAGE_STRING ""
| #define PACKAGE_BUGREPORT ""
| #define PACKAGE_URL ""
| /* end confdefs.h.  */
| #include <ac_nonexistent.h>
configure:6990: checking for ANSI C header files
configure:7010: gcc -c -g -O2  conftest.c >&5
configure:7010: $? = 0
configure:7083: gcc -o conftest -g -O2   conftest.c  >&5
configure:7083: $? = 0
configure:7083: ./conftest
configure:7083: $? = 0
configure:7094: result: yes
configure:7107: checking for sys/types.h
configure:7107: gcc -c -g -O2  conftest.c >&5
configure:7107: $? = 0
configure:7107: result: yes
configure:7107: checking for sys/stat.h
configure:7107: gcc -c -g -O2  conftest.c >&5
configure:7107: $? = 0
configure:7107: result: yes
configure:7107: checking for stdlib.h
configure:7107: gcc -c -g -O2  conftest.c >&5
configure:7107: $? = 0
configure:7107: result: yes
configure:7107: checking for string.h
configure:7107: gcc -c -g -O2  conftest.c >&5
configure:7107: $? = 0
configure:7107: result: yes
configure:7107: checking for memory.h
configure:7107: gcc -c -g -O2  conftest.c >&5
configure:7107: $? = 0
configure:7107: result: yes
configure:7107: checking for strings.h
configure:7107: gcc -c -g -O2  conftest.c >&5
configure:7107: $? = 0
configure:7107: result: yes
configure:7107: checking for inttypes.h
configure:7107: gcc -c -g -O2  conftest.c >&5
configure:7107: $? = 0
configure:7107: result: yes
configure:7107: checking for stdint.h
configure:7107: gcc -c -g -O2  conftest.c >&5
configure:7107: $? = 0
configure:7107: result: yes
configure:7107: checking for unistd.h
configure:7107: gcc -c -g -O2  conftest.c >&5
configure:7107: $? = 0
configure:7107: result: yes
configure:7121: checking for dlfcn.h
configure:7121: gcc -c -g -O2  conftest.c >&5
configure:7121: $? = 0
configure:7121: result: yes
configure:7625: checking for objdir
configure:7640: result: .libs
configure:7911: checking if gcc supports -fno-rtti -fno-exceptions
configure:7929: gcc -c -g -O2  -fno-rtti -fno-exceptions conftest.c >&5
configure:7933: $? = 0
configure:7946: result: yes
configure:8273: checking for gcc option to produce PIC
configure:8280: result: -fno-common -DPIC
configure:8288: checking if gcc PIC flag -fno-common -DPIC works
configure:8306: gcc -c -g -O2  -fno-common -DPIC -DPIC conftest.c >&5
configure:8310: $? = 0
configure:8323: result: yes
configure:8352: checking if gcc static flag -static works
configure:8380: result: no
configure:8395: checking if gcc supports -c -o file.o
configure:8416: gcc -c -g -O2  -o out/conftest2.o conftest.c >&5
configure:8420: $? = 0
configure:8442: result: yes
configure:8450: checking if gcc supports -c -o file.o
configure:8497: result: yes
configure:8530: checking whether the gcc linker (/Applications/Xcode.app/Contents/Developer/Toolchains/XcodeDefault.xctoolchain/usr/bin/ld) supports shared libraries
configure:9683: result: yes
configure:9923: checking dynamic linker characteristics
configure:10665: result: darwin16.7.0 dyld
configure:10772: checking how to hardcode library paths into programs
configure:10797: result: immediate
configure:11337: checking whether stripping libraries is possible

## ---------------- ##
## Cache variables. ##
## ---------------- ##

ac_cv_build=x86_64-apple-darwin16.7.0
ac_cv_c_compiler_gnu=yes
ac_cv_env_CCC_set=
ac_cv_env_CCC_value=
ac_cv_env_CC_set=
ac_cv_env_CC_value=
ac_cv_env_CFLAGS_set=
ac_cv_env_CFLAGS_value=
ac_cv_env_CPPFLAGS_set=
ac_cv_env_CPPFLAGS_value=
ac_cv_env_CPP_set=
ac_cv_env_CPP_value=
ac_cv_env_CXXCPP_set=
ac_cv_env_CXXCPP_value=
ac_cv_env_CXXFLAGS_set=
ac_cv_env_CXXFLAGS_value=
ac_cv_env_CXX_set=
ac_cv_env_CXX_value=
ac_cv_env_LDFLAGS_set=
ac_cv_env_LDFLAGS_value=
ac_cv_env_LIBS_set=
ac_cv_env_LIBS_value=
ac_cv_env_XMKMF_set=
ac_cv_env_XMKMF_value=
ac_cv_env_build_alias_set=
ac_cv_env_build_alias_value=
ac_cv_env_host_alias_set=
ac_cv_env_host_alias_value=
ac_cv_env_target_alias_set=
ac_cv_env_target_alias_value=
ac_cv_header_dlfcn_h=yes
ac_cv_header_inttypes_h=yes
ac_cv_header_memory_h=yes
ac_cv_header_stdc=yes
ac_cv_header_stdint_h=yes
ac_cv_header_stdlib_h=yes
ac_cv_header_string_h=yes
ac_cv_header_strings_h=yes
ac_cv_header_sys_stat_h=yes
ac_cv_header_sys_types_h=yes
ac_cv_header_unistd_h=yes
ac_cv_host=x86_64-apple-darwin16.7.0
ac_cv_objext=o
ac_cv_path_EGREP='/usr/bin/grep -E'
ac_cv_path_FGREP='/usr/bin/grep -F'
ac_cv_path_GREP=/usr/bin/grep
ac_cv_path_SED=/usr/bin/sed
ac_cv_prog_AWK=awk
ac_cv_prog_CPP='gcc -E'
ac_cv_prog_ac_ct_AR=ar
ac_cv_prog_ac_ct_CC=gcc
ac_cv_prog_ac_ct_DSYMUTIL=dsymutil
ac_cv_prog_ac_ct_LIPO=lipo
ac_cv_prog_ac_ct_NMEDIT=nmedit
ac_cv_prog_ac_ct_OBJDUMP=objdump
ac_cv_prog_ac_ct_OTOOL=otool
ac_cv_prog_ac_ct_RANLIB=ranlib
ac_cv_prog_ac_ct_STRIP=strip
ac_cv_prog_cc_c89=
ac_cv_prog_cc_g=yes
lt_cv_apple_cc_single_mod=yes
lt_cv_ar_at_file=no
lt_cv_deplibs_check_method=pass_all
lt_cv_file_magic_cmd='$MAGIC_CMD'
lt_cv_file_magic_test_file=
lt_cv_ld_exported_symbols_list=yes
lt_cv_ld_force_load=yes
lt_cv_ld_reload_flag=-r
lt_cv_nm_interface='BSD nm'
lt_cv_objdir=.libs
lt_cv_path_LD=/Applications/Xcode.app/Contents/Developer/Toolchains/XcodeDefault.xctoolchain/usr/bin/ld
lt_cv_path_NM='/usr/bin/nm -B'
lt_cv_path_mainfest_tool=no
lt_cv_prog_compiler_c_o=yes
lt_cv_prog_compiler_pic='-fno-common -DPIC'
lt_cv_prog_compiler_pic_works=yes
lt_cv_prog_compiler_rtti_exceptions=yes
lt_cv_prog_compiler_static_works=no
lt_cv_prog_gnu_ld=no
lt_cv_sharedlib_from_linklib_cmd='printf %s\n'
lt_cv_sys_global_symbol_pipe='sed -n -e '\''s/^.*[	 ]\([BCDEGRST][BCDEGRST]*\)[	 ][	 ]*_\([_A-Za-z][_A-Za-z0-9]*\)$/\1 _\2 \2/p'\'' | sed '\''/ __gnu_lto/d'\'''
lt_cv_sys_global_symbol_to_c_name_address='sed -n -e '\''s/^: \([^ ]*\)[ ]*$/  {\"\1\", (void *) 0},/p'\'' -e '\''s/^[BCDEGRST]* \([^ ]*\) \([^ ]*\)$/  {"\2", (void *) \&\2},/p'\'''
lt_cv_sys_global_symbol_to_c_name_address_lib_prefix='sed -n -e '\''s/^: \([^ ]*\)[ ]*$/  {\"\1\", (void *) 0},/p'\'' -e '\''s/^[BCDEGRST]* \([^ ]*\) \(lib[^ ]*\)$/  {"\2", (void *) \&\2},/p'\'' -e '\''s/^[BCDEGRST]* \([^ ]*\) \([^ ]*\)$/  {"lib\2", (void *) \&\2},/p'\'''
lt_cv_sys_global_symbol_to_cdecl='sed -n -e '\''s/^T .* \(.*\)$/extern int \1();/p'\'' -e '\''s/^[BCDEGRST]* .* \(.*\)$/extern char \1;/p'\'''
lt_cv_sys_max_cmd_len=196608
lt_cv_to_host_file_cmd=func_convert_file_noop
lt_cv_to_tool_file_cmd=func_convert_file_noop

## ----------------- ##
## Output variables. ##
## ----------------- ##

ALLOCA=''
ALSA_CFLAGS=''
ALSA_LIBS=''
AR='ar'
ARTSCONFIG=''
AS='as'
AWK='awk'
BUILD_CFLAGS=''
BUILD_LDFLAGS=''
CC='gcc'
CFLAGS='-g -O2'
CPP='gcc -E'
CPPFLAGS=''
CXX=''
CXXCPP=''
CXXFLAGS=''
DEFS=''
DIRECTFBCONFIG=''
DLLTOOL='false'
DSYMUTIL='dsymutil'
DUMPBIN=''
ECHO_C='\c'
ECHO_N=''
ECHO_T=''
EGREP='/usr/bin/grep -E'
ENABLE_SHARED_FALSE=''
ENABLE_SHARED_TRUE=''
ENABLE_STATIC_FALSE=''
ENABLE_STATIC_TRUE=''
ESD_CFLAGS=''
ESD_CONFIG=''
ESD_LIBS=''
EXEEXT=''
EXTRA_CFLAGS=''
EXTRA_LDFLAGS=''
FGREP='/usr/bin/grep -F'
GEN_HEADERS=''
GEN_OBJECTS=''
GREP='/usr/bin/grep'
INCLUDE=''
INSTALL_DATA=''
INSTALL_PROGRAM=''
INSTALL_SCRIPT=''
LD='/Applications/Xcode.app/Contents/Developer/Toolchains/XcodeDefault.xctoolchain/usr/bin/ld'
LDFLAGS=''
LIBOBJS=''
LIBS=''
LIBTOOL='$(SHELL) $(top_builddir)/libtool'
LIPO='lipo'
LN_S='ln -s'
LTLIBOBJS=''
LT_AGE=''
LT_CURRENT=''
LT_RELEASE=''
LT_REVISION=''
MANIFEST_TOOL=':'
NM='/usr/bin/nm -B'
NMEDIT='nmedit'
OBJDUMP='objdump'
OBJECTS=''
OBJEXT='o'
OTOOL64=':'
OTOOL='otool'
PACKAGE_BUGREPORT=''
PACKAGE_NAME=''
PACKAGE_STRING=''
PACKAGE_TARNAME=''
PACKAGE_URL=''
PACKAGE_VERSION=''
PATH_SEPARATOR=':'
PKG_CONFIG=''
POW_LIB=''
RANLIB='ranlib'
SDLMAIN_OBJECTS=''
SDLTEST_OBJECTS=''
SDL_BINARY_AGE='8'
SDL_CFLAGS=''
SDL_INTERFACE_AGE='0'
SDL_LIBS=''
SDL_MAJOR_VERSION='2'
SDL_MICRO_VERSION='8'
SDL_MINOR_VERSION='0'
SDL_RLD_FLAGS=''
SDL_STATIC_LIBS=''
SDL_VERSION='2.0.8'
SED='/usr/bin/sed'
SET_MAKE=''
SHELL='/bin/sh'
STRIP='strip'
VERSION_OBJECTS=''
WAYLAND_SCANNER=''
WINDRES=''
XMKMF=''
X_CFLAGS=''
X_EXTRA_LIBS=''
X_LIBS=''
X_PRE_LIBS=''
ac_aux_dir='build-scripts'
ac_ct_AR='ar'
ac_ct_CC='gcc'
ac_ct_CXX=''
ac_ct_DUMPBIN=''
bindir='${exec_prefix}/bin'
build='x86_64-apple-darwin16.7.0'
build_alias=''
build_cpu='x86_64'
build_os='darwin16.7.0'
build_vendor='apple'
datadir='${datarootdir}'
datarootdir='${prefix}/share'
docdir='${datarootdir}/doc/${PACKAGE}'
dvidir='${docdir}'
exec_prefix='NONE'
host='x86_64-apple-darwin16.7.0'
host_alias=''
host_cpu='x86_64'
host_os='darwin16.7.0'
host_vendor='apple'
htmldir='${docdir}'
includedir='${prefix}/include'
infodir='${datarootdir}/info'
libdir='${exec_prefix}/lib'
libexecdir='${exec_prefix}/libexec'
localedir='${datarootdir}/locale'
localstatedir='${prefix}/var'
mandir='${datarootdir}/man'
oldincludedir='/usr/include'
pdfdir='${docdir}'
prefix='NONE'
program_transform_name='s,x,x,'
psdir='${docdir}'
sbindir='${exec_prefix}/sbin'
sharedstatedir='${prefix}/com'
sysconfdir='${prefix}/etc'
target_alias=''

## ----------- ##
## confdefs.h. ##
## ----------- ##

/* confdefs.h */
#define PACKAGE_NAME ""
#define PACKAGE_TARNAME ""
#define PACKAGE_VERSION ""
#define PACKAGE_STRING ""
#define PACKAGE_BUGREPORT ""
#define PACKAGE_URL ""
#define STDC_HEADERS 1
#define HAVE_SYS_TYPES_H 1
#define HAVE_SYS_STAT_H 1
#define HAVE_STDLIB_H 1
#define HAVE_STRING_H 1
#define HAVE_MEMORY_H 1
#define HAVE_STRINGS_H 1
#define HAVE_INTTYPES_H 1
#define HAVE_STDINT_H 1
#define HAVE_UNISTD_H 1
#define HAVE_DLFCN_H 1
#define LT_OBJDIR ".libs/"

configure: caught signal 2
configure: exit 1
